<?xml version="1.0" encoding="UTF-8"?>
<testsuite name="selectMostSpecific" tests="4" skipped="0" failures="0" errors="0" timestamp="2026-01-05T11:11:10.832Z" hostname="user-HP-Laptop-15-da0xxx" time="0.031">
  <properties/>
  <testcase name="Should return empty when list is empty" classname="com.company.promotions.search.api.promotions.domain.PriceTest$SelectMostSpecificTest" time="0.006"/>
  <testcase name="Should return the only price when list has one element" classname="com.company.promotions.search.api.promotions.domain.PriceTest$SelectMostSpecificTest" time="0.006"/>
  <testcase name="Should return price with smallest date range when multiple prices exist" classname="com.company.promotions.search.api.promotions.domain.PriceTest$SelectMostSpecificTest" time="0.003"/>
  <testcase name="Should return first price when multiple prices have same duration" classname="com.company.promotions.search.api.promotions.domain.PriceTest$SelectMostSpecificTest" time="0.002"/>
  <system-out><![CDATA[]]></system-out>
  <system-err><![CDATA[]]></system-err>
</testsuite>
