<?xml version="1.0" encoding="UTF-8"?>
<testsuite name="com.company.promotions.search.api.promotions.infrastructure.persistence.PriceRepositoryImplIT" tests="9" skipped="0" failures="0" errors="0" timestamp="2026-01-05T11:11:11.087Z" hostname="user-HP-Laptop-15-da0xxx" time="0.598">
  <properties/>
  <testcase name="Should return multiple applicable prices ordered by priority descending" classname="com.company.promotions.search.api.promotions.infrastructure.persistence.PriceRepositoryImplIT" time="0.115"/>
  <testcase name="Test 3: Request at 21:00 on day 14 for product 35455, brand 1 (ZARA)" classname="com.company.promotions.search.api.promotions.infrastructure.persistence.PriceRepositoryImplIT" time="0.096"/>
  <testcase name="Test 1: Request at 10:00 on day 14 for product 35455, brand 1 (ZARA)" classname="com.company.promotions.search.api.promotions.infrastructure.persistence.PriceRepositoryImplIT" time="0.081"/>
  <testcase name="Test 2: Request at 16:00 on day 14 for product 35455, brand 1 (ZARA)" classname="com.company.promotions.search.api.promotions.infrastructure.persistence.PriceRepositoryImplIT" time="0.035"/>
  <testcase name="Should return empty for non-existent product" classname="com.company.promotions.search.api.promotions.infrastructure.persistence.PriceRepositoryImplIT" time="0.031"/>
  <testcase name="Should return all prices for a product and brand" classname="com.company.promotions.search.api.promotions.infrastructure.persistence.PriceRepositoryImplIT" time="0.104"/>
  <testcase name="Should return empty when no price applies" classname="com.company.promotions.search.api.promotions.infrastructure.persistence.PriceRepositoryImplIT" time="0.034"/>
  <testcase name="Test 4: Request at 10:00 on day 15 for product 35455, brand 1 (ZARA)" classname="com.company.promotions.search.api.promotions.infrastructure.persistence.PriceRepositoryImplIT" time="0.032"/>
  <testcase name="Test 5: Request at 21:00 on day 16 for product 35455, brand 1 (ZARA)" classname="com.company.promotions.search.api.promotions.infrastructure.persistence.PriceRepositoryImplIT" time="0.03"/>
  <system-out><![CDATA[2026-01-05T12:11:10.887+01:00  INFO 4013162 --- [api-test] [    Test worker] t.c.s.AnnotationConfigContextLoaderUtils : Could not detect default configuration classes for test class [com.company.promotions.search.api.promotions.infrastructure.persistence.PriceRepositoryImplIT]: PriceRepositoryImplIT does not declare any static, non-private, non-final, nested classes annotated with @Configuration.
2026-01-05T12:11:11.044+01:00  INFO 4013162 --- [api-test] [    Test worker] .b.t.c.SpringBootTestContextBootstrapper : Found @SpringBootConfiguration com.company.promotions.search.api.ApiApplication for test class com.company.promotions.search.api.promotions.infrastructure.persistence.PriceRepositoryImplIT
Hibernate: select pe1_0.id,pe1_0.brand_id,pe1_0.currency,pe1_0.end_date,pe1_0.price,pe1_0.price_list,pe1_0.priority,pe1_0.product_id,pe1_0.start_date from promotions.prices pe1_0
Hibernate: insert into promotions.prices (brand_id,currency,end_date,price,price_list,priority,product_id,start_date,id) values (?,?,?,?,?,?,?,?,default)
Hibernate: insert into promotions.prices (brand_id,currency,end_date,price,price_list,priority,product_id,start_date,id) values (?,?,?,?,?,?,?,?,default)
Hibernate: insert into promotions.prices (brand_id,currency,end_date,price,price_list,priority,product_id,start_date,id) values (?,?,?,?,?,?,?,?,default)
Hibernate: insert into promotions.prices (brand_id,currency,end_date,price,price_list,priority,product_id,start_date,id) values (?,?,?,?,?,?,?,?,default)
Hibernate: select pe1_0.id,pe1_0.brand_id,pe1_0.currency,pe1_0.end_date,pe1_0.price,pe1_0.price_list,pe1_0.priority,pe1_0.product_id,pe1_0.start_date from promotions.prices pe1_0 where pe1_0.product_id=? and pe1_0.brand_id=? and ? between pe1_0.start_date and pe1_0.end_date order by pe1_0.priority desc
Hibernate: select pe1_0.id,pe1_0.brand_id,pe1_0.currency,pe1_0.end_date,pe1_0.price,pe1_0.price_list,pe1_0.priority,pe1_0.product_id,pe1_0.start_date from promotions.prices pe1_0
Hibernate: insert into promotions.prices (brand_id,currency,end_date,price,price_list,priority,product_id,start_date,id) values (?,?,?,?,?,?,?,?,default)
Hibernate: insert into promotions.prices (brand_id,currency,end_date,price,price_list,priority,product_id,start_date,id) values (?,?,?,?,?,?,?,?,default)
Hibernate: insert into promotions.prices (brand_id,currency,end_date,price,price_list,priority,product_id,start_date,id) values (?,?,?,?,?,?,?,?,default)
Hibernate: insert into promotions.prices (brand_id,currency,end_date,price,price_list,priority,product_id,start_date,id) values (?,?,?,?,?,?,?,?,default)
Hibernate: select pe1_0.id,pe1_0.brand_id,pe1_0.currency,pe1_0.end_date,pe1_0.price,pe1_0.price_list,pe1_0.priority,pe1_0.product_id,pe1_0.start_date from promotions.prices pe1_0 where pe1_0.product_id=? and pe1_0.brand_id=? and ? between pe1_0.start_date and pe1_0.end_date order by pe1_0.priority desc
Hibernate: select pe1_0.id,pe1_0.brand_id,pe1_0.currency,pe1_0.end_date,pe1_0.price,pe1_0.price_list,pe1_0.priority,pe1_0.product_id,pe1_0.start_date from promotions.prices pe1_0
Hibernate: insert into promotions.prices (brand_id,currency,end_date,price,price_list,priority,product_id,start_date,id) values (?,?,?,?,?,?,?,?,default)
Hibernate: insert into promotions.prices (brand_id,currency,end_date,price,price_list,priority,product_id,start_date,id) values (?,?,?,?,?,?,?,?,default)
Hibernate: insert into promotions.prices (brand_id,currency,end_date,price,price_list,priority,product_id,start_date,id) values (?,?,?,?,?,?,?,?,default)
Hibernate: insert into promotions.prices (brand_id,currency,end_date,price,price_list,priority,product_id,start_date,id) values (?,?,?,?,?,?,?,?,default)
Hibernate: select pe1_0.id,pe1_0.brand_id,pe1_0.currency,pe1_0.end_date,pe1_0.price,pe1_0.price_list,pe1_0.priority,pe1_0.product_id,pe1_0.start_date from promotions.prices pe1_0 where pe1_0.product_id=? and pe1_0.brand_id=? and ? between pe1_0.start_date and pe1_0.end_date order by pe1_0.priority desc
Hibernate: select pe1_0.id,pe1_0.brand_id,pe1_0.currency,pe1_0.end_date,pe1_0.price,pe1_0.price_list,pe1_0.priority,pe1_0.product_id,pe1_0.start_date from promotions.prices pe1_0
Hibernate: insert into promotions.prices (brand_id,currency,end_date,price,price_list,priority,product_id,start_date,id) values (?,?,?,?,?,?,?,?,default)
Hibernate: insert into promotions.prices (brand_id,currency,end_date,price,price_list,priority,product_id,start_date,id) values (?,?,?,?,?,?,?,?,default)
Hibernate: insert into promotions.prices (brand_id,currency,end_date,price,price_list,priority,product_id,start_date,id) values (?,?,?,?,?,?,?,?,default)
Hibernate: insert into promotions.prices (brand_id,currency,end_date,price,price_list,priority,product_id,start_date,id) values (?,?,?,?,?,?,?,?,default)
Hibernate: select pe1_0.id,pe1_0.brand_id,pe1_0.currency,pe1_0.end_date,pe1_0.price,pe1_0.price_list,pe1_0.priority,pe1_0.product_id,pe1_0.start_date from promotions.prices pe1_0 where pe1_0.product_id=? and pe1_0.brand_id=? and ? between pe1_0.start_date and pe1_0.end_date order by pe1_0.priority desc
Hibernate: select pe1_0.id,pe1_0.brand_id,pe1_0.currency,pe1_0.end_date,pe1_0.price,pe1_0.price_list,pe1_0.priority,pe1_0.product_id,pe1_0.start_date from promotions.prices pe1_0
Hibernate: insert into promotions.prices (brand_id,currency,end_date,price,price_list,priority,product_id,start_date,id) values (?,?,?,?,?,?,?,?,default)
Hibernate: insert into promotions.prices (brand_id,currency,end_date,price,price_list,priority,product_id,start_date,id) values (?,?,?,?,?,?,?,?,default)
Hibernate: insert into promotions.prices (brand_id,currency,end_date,price,price_list,priority,product_id,start_date,id) values (?,?,?,?,?,?,?,?,default)
Hibernate: insert into promotions.prices (brand_id,currency,end_date,price,price_list,priority,product_id,start_date,id) values (?,?,?,?,?,?,?,?,default)
Hibernate: select pe1_0.id,pe1_0.brand_id,pe1_0.currency,pe1_0.end_date,pe1_0.price,pe1_0.price_list,pe1_0.priority,pe1_0.product_id,pe1_0.start_date from promotions.prices pe1_0 where pe1_0.product_id=? and pe1_0.brand_id=? and ? between pe1_0.start_date and pe1_0.end_date order by pe1_0.priority desc
Hibernate: select pe1_0.id,pe1_0.brand_id,pe1_0.currency,pe1_0.end_date,pe1_0.price,pe1_0.price_list,pe1_0.priority,pe1_0.product_id,pe1_0.start_date from promotions.prices pe1_0
Hibernate: insert into promotions.prices (brand_id,currency,end_date,price,price_list,priority,product_id,start_date,id) values (?,?,?,?,?,?,?,?,default)
Hibernate: insert into promotions.prices (brand_id,currency,end_date,price,price_list,priority,product_id,start_date,id) values (?,?,?,?,?,?,?,?,default)
Hibernate: insert into promotions.prices (brand_id,currency,end_date,price,price_list,priority,product_id,start_date,id) values (?,?,?,?,?,?,?,?,default)
Hibernate: insert into promotions.prices (brand_id,currency,end_date,price,price_list,priority,product_id,start_date,id) values (?,?,?,?,?,?,?,?,default)
Hibernate: select pe1_0.id,pe1_0.brand_id,pe1_0.currency,pe1_0.end_date,pe1_0.price,pe1_0.price_list,pe1_0.priority,pe1_0.product_id,pe1_0.start_date from promotions.prices pe1_0 where pe1_0.product_id=? and pe1_0.brand_id=?
Hibernate: select pe1_0.id,pe1_0.brand_id,pe1_0.currency,pe1_0.end_date,pe1_0.price,pe1_0.price_list,pe1_0.priority,pe1_0.product_id,pe1_0.start_date from promotions.prices pe1_0
Hibernate: insert into promotions.prices (brand_id,currency,end_date,price,price_list,priority,product_id,start_date,id) values (?,?,?,?,?,?,?,?,default)
Hibernate: insert into promotions.prices (brand_id,currency,end_date,price,price_list,priority,product_id,start_date,id) values (?,?,?,?,?,?,?,?,default)
Hibernate: insert into promotions.prices (brand_id,currency,end_date,price,price_list,priority,product_id,start_date,id) values (?,?,?,?,?,?,?,?,default)
Hibernate: insert into promotions.prices (brand_id,currency,end_date,price,price_list,priority,product_id,start_date,id) values (?,?,?,?,?,?,?,?,default)
Hibernate: select pe1_0.id,pe1_0.brand_id,pe1_0.currency,pe1_0.end_date,pe1_0.price,pe1_0.price_list,pe1_0.priority,pe1_0.product_id,pe1_0.start_date from promotions.prices pe1_0 where pe1_0.product_id=? and pe1_0.brand_id=? and ? between pe1_0.start_date and pe1_0.end_date order by pe1_0.priority desc
Hibernate: select pe1_0.id,pe1_0.brand_id,pe1_0.currency,pe1_0.end_date,pe1_0.price,pe1_0.price_list,pe1_0.priority,pe1_0.product_id,pe1_0.start_date from promotions.prices pe1_0
Hibernate: insert into promotions.prices (brand_id,currency,end_date,price,price_list,priority,product_id,start_date,id) values (?,?,?,?,?,?,?,?,default)
Hibernate: insert into promotions.prices (brand_id,currency,end_date,price,price_list,priority,product_id,start_date,id) values (?,?,?,?,?,?,?,?,default)
Hibernate: insert into promotions.prices (brand_id,currency,end_date,price,price_list,priority,product_id,start_date,id) values (?,?,?,?,?,?,?,?,default)
Hibernate: insert into promotions.prices (brand_id,currency,end_date,price,price_list,priority,product_id,start_date,id) values (?,?,?,?,?,?,?,?,default)
Hibernate: select pe1_0.id,pe1_0.brand_id,pe1_0.currency,pe1_0.end_date,pe1_0.price,pe1_0.price_list,pe1_0.priority,pe1_0.product_id,pe1_0.start_date from promotions.prices pe1_0 where pe1_0.product_id=? and pe1_0.brand_id=? and ? between pe1_0.start_date and pe1_0.end_date order by pe1_0.priority desc
Hibernate: select pe1_0.id,pe1_0.brand_id,pe1_0.currency,pe1_0.end_date,pe1_0.price,pe1_0.price_list,pe1_0.priority,pe1_0.product_id,pe1_0.start_date from promotions.prices pe1_0
Hibernate: insert into promotions.prices (brand_id,currency,end_date,price,price_list,priority,product_id,start_date,id) values (?,?,?,?,?,?,?,?,default)
Hibernate: insert into promotions.prices (brand_id,currency,end_date,price,price_list,priority,product_id,start_date,id) values (?,?,?,?,?,?,?,?,default)
Hibernate: insert into promotions.prices (brand_id,currency,end_date,price,price_list,priority,product_id,start_date,id) values (?,?,?,?,?,?,?,?,default)
Hibernate: insert into promotions.prices (brand_id,currency,end_date,price,price_list,priority,product_id,start_date,id) values (?,?,?,?,?,?,?,?,default)
Hibernate: select pe1_0.id,pe1_0.brand_id,pe1_0.currency,pe1_0.end_date,pe1_0.price,pe1_0.price_list,pe1_0.priority,pe1_0.product_id,pe1_0.start_date from promotions.prices pe1_0 where pe1_0.product_id=? and pe1_0.brand_id=? and ? between pe1_0.start_date and pe1_0.end_date order by pe1_0.priority desc
]]></system-out>
  <system-err><![CDATA[]]></system-err>
</testsuite>
